{"name":"hexo","hostname":"HuShihuans-MacBook-Pro.local","pid":29969,"level":20,"msg":"Hexo version: \u001b[35m3.1.1\u001b[39m","time":"2017-03-24T03:46:40.164Z","v":0}
{"name":"hexo","hostname":"HuShihuans-MacBook-Pro.local","pid":29969,"level":20,"msg":"Working directory: \u001b[35m~/Documents/Hexoblog/\u001b[39m","time":"2017-03-24T03:46:40.168Z","v":0}
{"name":"hexo","hostname":"HuShihuans-MacBook-Pro.local","pid":29969,"level":20,"msg":"Config loaded: \u001b[35m~/Documents/Hexoblog/_config.yml\u001b[39m","time":"2017-03-24T03:46:40.237Z","v":0}
{"name":"hexo","hostname":"HuShihuans-MacBook-Pro.local","pid":29969,"level":20,"msg":"Plugin loaded: \u001b[35mhexo-deployer-git\u001b[39m","time":"2017-03-24T03:46:40.374Z","v":0}
{"name":"hexo","hostname":"HuShihuans-MacBook-Pro.local","pid":29969,"level":20,"msg":"Plugin loaded: \u001b[35mhexo-generator-category\u001b[39m","time":"2017-03-24T03:46:40.375Z","v":0}
{"name":"hexo","hostname":"HuShihuans-MacBook-Pro.local","pid":29969,"level":20,"msg":"Plugin loaded: \u001b[35mhexo-generator-archive\u001b[39m","time":"2017-03-24T03:46:40.377Z","v":0}
{"name":"hexo","hostname":"HuShihuans-MacBook-Pro.local","pid":29969,"level":20,"msg":"Plugin loaded: \u001b[35mhexo-generator-index\u001b[39m","time":"2017-03-24T03:46:40.379Z","v":0}
{"name":"hexo","hostname":"HuShihuans-MacBook-Pro.local","pid":29969,"level":20,"msg":"Plugin loaded: \u001b[35mhexo-generator-tag\u001b[39m","time":"2017-03-24T03:46:40.380Z","v":0}
{"name":"hexo","hostname":"HuShihuans-MacBook-Pro.local","pid":29969,"level":20,"msg":"Plugin loaded: \u001b[35mhexo-renderer-ejs\u001b[39m","time":"2017-03-24T03:46:40.392Z","v":0}
{"name":"hexo","hostname":"HuShihuans-MacBook-Pro.local","pid":29969,"level":20,"msg":"Plugin loaded: \u001b[35mhexo-renderer-less\u001b[39m","time":"2017-03-24T03:46:40.428Z","v":0}
{"name":"hexo","hostname":"HuShihuans-MacBook-Pro.local","pid":29969,"level":20,"msg":"Plugin loaded: \u001b[35mhexo-renderer-marked\u001b[39m","time":"2017-03-24T03:46:40.469Z","v":0}
{"name":"hexo","hostname":"HuShihuans-MacBook-Pro.local","pid":29969,"level":20,"msg":"Plugin loaded: \u001b[35mhexo-renderer-stylus\u001b[39m","time":"2017-03-24T03:46:40.570Z","v":0}
{"name":"hexo","hostname":"HuShihuans-MacBook-Pro.local","pid":29969,"level":20,"msg":"Plugin loaded: \u001b[35mhexo-server\u001b[39m","time":"2017-03-24T03:46:40.646Z","v":0}
{"name":"hexo","hostname":"HuShihuans-MacBook-Pro.local","pid":29969,"level":20,"msg":"Database saved","time":"2017-03-24T03:46:40.655Z","v":0}
{"name":"hexo","hostname":"HuShihuans-MacBook-Pro.local","pid":30028,"level":20,"msg":"Hexo version: \u001b[35m3.1.1\u001b[39m","time":"2017-03-24T03:47:45.918Z","v":0}
{"name":"hexo","hostname":"HuShihuans-MacBook-Pro.local","pid":30028,"level":20,"msg":"Working directory: \u001b[35m~/Documents/Hexoblog/\u001b[39m","time":"2017-03-24T03:47:45.922Z","v":0}
{"name":"hexo","hostname":"HuShihuans-MacBook-Pro.local","pid":30028,"level":20,"msg":"Config loaded: \u001b[35m~/Documents/Hexoblog/_config.yml\u001b[39m","time":"2017-03-24T03:47:45.989Z","v":0}
{"name":"hexo","hostname":"HuShihuans-MacBook-Pro.local","pid":30028,"level":20,"msg":"Plugin loaded: \u001b[35mhexo-generator-archive\u001b[39m","time":"2017-03-24T03:47:45.999Z","v":0}
{"name":"hexo","hostname":"HuShihuans-MacBook-Pro.local","pid":30028,"level":20,"msg":"Plugin loaded: \u001b[35mhexo-deployer-git\u001b[39m","time":"2017-03-24T03:47:46.132Z","v":0}
{"name":"hexo","hostname":"HuShihuans-MacBook-Pro.local","pid":30028,"level":20,"msg":"Plugin loaded: \u001b[35mhexo-generator-category\u001b[39m","time":"2017-03-24T03:47:46.133Z","v":0}
{"name":"hexo","hostname":"HuShihuans-MacBook-Pro.local","pid":30028,"level":20,"msg":"Plugin loaded: \u001b[35mhexo-generator-index\u001b[39m","time":"2017-03-24T03:47:46.135Z","v":0}
{"name":"hexo","hostname":"HuShihuans-MacBook-Pro.local","pid":30028,"level":20,"msg":"Plugin loaded: \u001b[35mhexo-generator-tag\u001b[39m","time":"2017-03-24T03:47:46.136Z","v":0}
{"name":"hexo","hostname":"HuShihuans-MacBook-Pro.local","pid":30028,"level":20,"msg":"Plugin loaded: \u001b[35mhexo-renderer-ejs\u001b[39m","time":"2017-03-24T03:47:46.149Z","v":0}
{"name":"hexo","hostname":"HuShihuans-MacBook-Pro.local","pid":30028,"level":20,"msg":"Plugin loaded: \u001b[35mhexo-renderer-less\u001b[39m","time":"2017-03-24T03:47:46.180Z","v":0}
{"name":"hexo","hostname":"HuShihuans-MacBook-Pro.local","pid":30028,"level":20,"msg":"Plugin loaded: \u001b[35mhexo-renderer-marked\u001b[39m","time":"2017-03-24T03:47:46.216Z","v":0}
{"name":"hexo","hostname":"HuShihuans-MacBook-Pro.local","pid":30028,"level":20,"msg":"Plugin loaded: \u001b[35mhexo-renderer-stylus\u001b[39m","time":"2017-03-24T03:47:46.316Z","v":0}
{"name":"hexo","hostname":"HuShihuans-MacBook-Pro.local","pid":30028,"level":20,"msg":"Plugin loaded: \u001b[35mhexo-server\u001b[39m","time":"2017-03-24T03:47:46.391Z","v":0}
{"name":"hexo","hostname":"HuShihuans-MacBook-Pro.local","pid":30028,"level":20,"msg":"Database saved","time":"2017-03-24T03:47:46.395Z","v":0}
